Query: SELECT * FROM users WHERE username = 'admin' AND password = '9dfd41acbc9a509f334b84b0187167f2'
Login failed for user: admin
Query: SELECT * FROM users WHERE username = 'admin' AND password = '21232f297a57a5a743894a0e4a801fc3'
Login successful for user: admin
Query: SELECT * FROM users WHERE username = 'admin' AND password = '21232f297a57a5a743894a0e4a801fc3'
Login successful for user: admin
Query: SELECT * FROM users WHERE username = 'admin' AND password = '21232f297a57a5a743894a0e4a801fc3'
Login successful for user: admin
Query: SELECT * FROM users WHERE username = 'admin' AND password = '21232f297a57a5a743894a0e4a801fc3'
Login successful for user: admin
Query: SELECT * FROM users WHERE username = 'admin' AND password = '21232f297a57a5a743894a0e4a801fc3'
Login successful for user: admin
Query: SELECT * FROM users WHERE username = 'admin' AND password = '21232f297a57a5a743894a0e4a801fc3'
Login successful for user: admin
Query: SELECT * FROM users WHERE username = 'admin' AND password = '21232f297a57a5a743894a0e4a801fc3'
Login successful for user: admin
Query: SELECT * FROM users WHERE username = 'admin' AND password = '21232f297a57a5a743894a0e4a801fc3'
Login successful for user: admin
Query: SELECT * FROM users WHERE username = 'admin' AND password = '21232f297a57a5a743894a0e4a801fc3'
Login successful for user: admin
Query: SELECT * FROM users WHERE username = 'admin' AND password = '21232f297a57a5a743894a0e4a801fc3'
Login successful for user: admin
Query: SELECT * FROM users WHERE username = 'admin' AND password = '21232f297a57a5a743894a0e4a801fc3'
Login successful for user: admin
Query: SELECT * FROM users WHERE username = 'admin' AND password = '21232f297a57a5a743894a0e4a801fc3'
Login successful for user: admin
Query: SELECT * FROM users WHERE username = 'admin' AND password = '21232f297a57a5a743894a0e4a801fc3'
Login successful for user: admin
Query: SELECT * FROM users WHERE username = 'admin' AND password = '21232f297a57a5a743894a0e4a801fc3'
Login successful for user: admin
Query: SELECT * FROM users WHERE username = 'admin' AND password = '21232f297a57a5a743894a0e4a801fc3'
Login successful for user: admin
Query: SELECT * FROM users WHERE username = 'admin' AND password = '21232f297a57a5a743894a0e4a801fc3'
Login successful for user: admin
Query: SELECT * FROM users WHERE username = 'admin' AND password = '21232f297a57a5a743894a0e4a801fc3'
Login successful for user: admin
Query: SELECT * FROM users WHERE username = 'admin' AND password = '21232f297a57a5a743894a0e4a801fc3'
Login successful for user: admin
Query: SELECT * FROM users WHERE username = 'admin' AND password = '21232f297a57a5a743894a0e4a801fc3'
Login successful for user: admin
Query: SELECT * FROM users WHERE username = 'admin' AND password = '21232f297a57a5a743894a0e4a801fc3'
Login successful for user: admin
Query: SELECT * FROM users WHERE username = 'admin' AND password = 'c289ffe12a30c94530b7fc4e532e2f42'
Login failed for user: admin
Query: SELECT * FROM users WHERE username = 'admin' AND password = 'c289ffe12a30c94530b7fc4e532e2f42'
Login failed for user: admin
Query: SELECT * FROM users WHERE username = 'admin' AND password = 'c289ffe12a30c94530b7fc4e532e2f42'
Login failed for user: admin
Query: SELECT * FROM users WHERE username = 'admin' AND password = 'c289ffe12a30c94530b7fc4e532e2f42'
Login failed for user: admin
Query: SELECT * FROM users WHERE username = 'admin' AND password = 'c289ffe12a30c94530b7fc4e532e2f42'
Login failed for user: admin
Query: SELECT * FROM users WHERE username = 'admin' AND password = '21232f297a57a5a743894a0e4a801fc3'
Login successful for user: admin
Query: SELECT * FROM users WHERE username = 'admin' AND password = '21232f297a57a5a743894a0e4a801fc3'
Login successful for user: admin
Query: SELECT * FROM users WHERE username = 'admin' AND password = '21232f297a57a5a743894a0e4a801fc3'
Login successful for user: admin
Query: SELECT * FROM users WHERE username = 'admin' AND password = '21232f297a57a5a743894a0e4a801fc3'
Login successful for user: admin
Query: SELECT * FROM users WHERE username = 'admin' AND password = '21232f297a57a5a743894a0e4a801fc3'
Login successful for user: admin
Query: SELECT * FROM users WHERE username = 'admin' AND password = '21232f297a57a5a743894a0e4a801fc3'
Login successful for user: admin
Query: SELECT * FROM users WHERE username = 'admin' AND password = '21232f297a57a5a743894a0e4a801fc3'
Login successful for user: admin
Query: SELECT * FROM users WHERE username = 'admin' AND password = '21232f297a57a5a743894a0e4a801fc3'
Login successful for user: admin
Query: SELECT * FROM users WHERE username = 'admin' AND password = '21232f297a57a5a743894a0e4a801fc3'
Login successful for user: admin
Query: SELECT * FROM users WHERE username = 'admin' AND password = '21232f297a57a5a743894a0e4a801fc3'
Login successful for user: admin
Query: SELECT * FROM users WHERE username = 'admin' AND password = '21232f297a57a5a743894a0e4a801fc3'
Login successful for user: admin
Query: SELECT * FROM users WHERE username = 'admin' AND password = '21232f297a57a5a743894a0e4a801fc3'
Login successful for user: admin
Query: SELECT * FROM users WHERE username = 'admin' AND password = '21232f297a57a5a743894a0e4a801fc3'
Login successful for user: admin
Query: SELECT * FROM users WHERE username = 'admin' AND password = '21232f297a57a5a743894a0e4a801fc3'
Login successful for user: admin
Query: SELECT * FROM users WHERE username = 'admin' AND password = '21232f297a57a5a743894a0e4a801fc3'
Login successful for user: admin
Query: SELECT * FROM users WHERE username = 'admin' AND password = '21232f297a57a5a743894a0e4a801fc3'
Login successful for user: admin
Query: SELECT * FROM users WHERE username = 'admin' AND password = '21232f297a57a5a743894a0e4a801fc3'
Login successful for user: admin
Query: SELECT * FROM users WHERE username = 'admin' AND password = '21232f297a57a5a743894a0e4a801fc3'
Login successful for user: admin
Query: SELECT * FROM users WHERE username = 'admin' AND password = '21232f297a57a5a743894a0e4a801fc3'
Login successful for user: admin
Query: SELECT * FROM users WHERE username = 'admin' AND password = '21232f297a57a5a743894a0e4a801fc3'
Login successful for user: admin
Query: SELECT * FROM users WHERE username = 'admin' AND password = '21232f297a57a5a743894a0e4a801fc3'
Login successful for user: admin
Query: SELECT * FROM users WHERE username = 'admin3' AND password = '21232f297a57a5a743894a0e4a801fc3'
Login failed for user: admin3
Query: SELECT * FROM users WHERE username = 'admin3' AND password = '21232f297a57a5a743894a0e4a801fc3'
Login failed for user: admin3
Query: SELECT * FROM users WHERE username = 'admin3' AND password = '21232f297a57a5a743894a0e4a801fc3'
Login failed for user: admin3
Query: SELECT * FROM users WHERE username = 'admin3' AND password = '21232f297a57a5a743894a0e4a801fc3'
Login failed for user: admin3
Query: SELECT * FROM users WHERE username = 'admin3' AND password = '21232f297a57a5a743894a0e4a801fc3'
Login failed for user: admin3
Query: SELECT * FROM users WHERE username = 'admin3' AND password = '21232f297a57a5a743894a0e4a801fc3'
Login failed for user: admin3
Query: SELECT * FROM users WHERE username = 'admin3' AND password = '21232f297a57a5a743894a0e4a801fc3'
Login failed for user: admin3
Query: SELECT * FROM users WHERE username = 'admin3' AND password = '21232f297a57a5a743894a0e4a801fc3'
Login failed for user: admin3
Query: SELECT * FROM users WHERE username = 'admin' AND password = '21232f297a57a5a743894a0e4a801fc3'
Login successful for user: admin
Query: SELECT * FROM users WHERE username = 'admin' AND password = '21232f297a57a5a743894a0e4a801fc3'
Login successful for user: admin
Query: SELECT * FROM users WHERE username = 'admin' AND password = '21232f297a57a5a743894a0e4a801fc3'
Login successful for user: admin
Query: SELECT * FROM users WHERE username = 'admin' AND password = '21232f297a57a5a743894a0e4a801fc3'
Login successful for user: admin
Query: SELECT * FROM users WHERE username = 'admin' AND password = '21232f297a57a5a743894a0e4a801fc3'
Login successful for user: admin
Query: SELECT * FROM users WHERE username = 'admin' AND password = '21232f297a57a5a743894a0e4a801fc3'
Login successful for user: admin
Query: SELECT * FROM users WHERE username = 'admin' AND password = '21232f297a57a5a743894a0e4a801fc3'
Login successful for user: admin
Query: SELECT * FROM users WHERE username = 'admin' AND password = '32cacb2f994f6b42183a1300d9a3e8d6'
Login failed for user: admin
Query: SELECT * FROM users WHERE username = 'admin3' AND password = '21232f297a57a5a743894a0e4a801fc3'
Login failed for user: admin3
Query: SELECT * FROM users WHERE username = 'admin3' AND password = '21232f297a57a5a743894a0e4a801fc3'
Login failed for user: admin3
Query: SELECT * FROM users WHERE username = 'admin3' AND password = '21232f297a57a5a743894a0e4a801fc3'
Login failed for user: admin3
Query: SELECT * FROM users WHERE username = 'admin3' AND password = '21232f297a57a5a743894a0e4a801fc3'
Login failed for user: admin3
Query: SELECT * FROM users WHERE username = 'admin' AND password = '21232f297a57a5a743894a0e4a801fc3'
Login successful for user: admin
Query: SELECT * FROM users WHERE username = 'admin' AND password = '21232f297a57a5a743894a0e4a801fc3'
Login successful for user: admin
Query: SELECT * FROM users WHERE username = 'admin' AND password = '21232f297a57a5a743894a0e4a801fc3'
Login successful for user: admin
Query: SELECT * FROM users WHERE username = 'admin' AND password = '21232f297a57a5a743894a0e4a801fc3'
Login successful for user: admin
Query: SELECT * FROM users WHERE username = 'admin' AND password = '21232f297a57a5a743894a0e4a801fc3'
Login successful for user: admin
Query: SELECT * FROM users WHERE username = 'admin' AND password = '21232f297a57a5a743894a0e4a801fc3'
Login successful for user: admin
Query: SELECT * FROM users WHERE username = 'admin' AND password = '21232f297a57a5a743894a0e4a801fc3'
Login successful for user: admin
Query: SELECT * FROM users WHERE username = 'admin' AND password = '21232f297a57a5a743894a0e4a801fc3'
Login successful for user: admin
Query: SELECT * FROM users WHERE username = 'admin' AND password = '21232f297a57a5a743894a0e4a801fc3'
Login successful for user: admin
Query: SELECT * FROM users WHERE username = 'admin' AND password = '21232f297a57a5a743894a0e4a801fc3'
Login successful for user: admin
Query: SELECT * FROM users WHERE username = 'admin' AND password = '21232f297a57a5a743894a0e4a801fc3'
Login successful for user: admin
Query: SELECT * FROM users WHERE username = 'admin' AND password = '21232f297a57a5a743894a0e4a801fc3'
Login successful for user: admin
Query: SELECT * FROM users WHERE username = 'admin' AND password = '21232f297a57a5a743894a0e4a801fc3'
Login successful for user: admin
Query: SELECT * FROM users WHERE username = 'admin' AND password = '21232f297a57a5a743894a0e4a801fc3'
Login successful for user: admin
Query: SELECT * FROM users WHERE username = 'admin' AND password = '21232f297a57a5a743894a0e4a801fc3'
Login successful for user: admin
Query: SELECT * FROM users WHERE username = 'admin' AND password = '21232f297a57a5a743894a0e4a801fc3'
Login successful for user: admin
Query: SELECT * FROM users WHERE username = 'admin' AND password = '21232f297a57a5a743894a0e4a801fc3'
Login successful for user: admin
Query: SELECT * FROM users WHERE username = 'admin' AND password = '21232f297a57a5a743894a0e4a801fc3'
Login successful for user: admin
